@!@!@STARTMSG 2220:0 @!@!@
Starting SANY...
@!@!@ENDMSG 2220 @!@!@
Parsing file /home/akatsarakis/Dropbox/CDT-Edinburgh/PhD/projects/hermes/tla/Hermes/Hermes.toolbox/Model_2/MC.tla
Parsing file /home/akatsarakis/Dropbox/CDT-Edinburgh/PhD/projects/hermes/tla/Hermes/Hermes.toolbox/Model_2/Hermes.tla
Parsing file /home/akatsarakis/Desktop/TLA_plus/toolbox/plugins/org.lamport.tlatools_1.0.0.201801291236/tla2sany/StandardModules/TLC.tla
Parsing file /home/akatsarakis/Desktop/TLA_plus/toolbox/plugins/org.lamport.tlatools_1.0.0.201801291236/tla2sany/StandardModules/Integers.tla
Parsing file /home/akatsarakis/Desktop/TLA_plus/toolbox/plugins/org.lamport.tlatools_1.0.0.201801291236/tla2sany/StandardModules/Naturals.tla
Parsing file /home/akatsarakis/Desktop/TLA_plus/toolbox/plugins/org.lamport.tlatools_1.0.0.201801291236/tla2sany/StandardModules/Sequences.tla
Semantic processing of module Naturals
Semantic processing of module Integers
Semantic processing of module Hermes
Semantic processing of module Sequences
Semantic processing of module TLC
Semantic processing of module MC
@!@!@STARTMSG 2219:0 @!@!@
SANY finished.
@!@!@ENDMSG 2219 @!@!@
@!@!@STARTMSG 2185:0 @!@!@
Starting... (2018-07-20 17:05:17)
@!@!@ENDMSG 2185 @!@!@
@!@!@STARTMSG 2189:0 @!@!@
Computing initial states...
@!@!@ENDMSG 2189 @!@!@
@!@!@STARTMSG 2190:0 @!@!@
Finished computing initial states: 1 distinct state generated.
@!@!@ENDMSG 2190 @!@!@
@!@!@STARTMSG 2114:1 @!@!@
Deadlock reached.
@!@!@ENDMSG 2114 @!@!@
@!@!@STARTMSG 2121:1 @!@!@
The behavior up to this point is:
@!@!@ENDMSG 2121 @!@!@
@!@!@STARTMSG 2217:4 @!@!@
1: <Initial predicate>
/\ msgs = {}
/\ aliveNodes = {1, 2, 3}
/\ nodeLastWriteTS = << [version |-> 0, tieBreaker |-> 1],
   [version |-> 0, tieBreaker |-> 1],
   [version |-> 0, tieBreaker |-> 1] >>
/\ nodeTS = << [version |-> 0, tieBreaker |-> 1],
   [version |-> 0, tieBreaker |-> 1],
   [version |-> 0, tieBreaker |-> 1] >>
/\ nodeState = <<"valid", "valid", "valid">>
/\ nodeLastWriter = <<1, 1, 1>>
/\ nodeRcvedAcks = <<{}, {}, {}>>

@!@!@ENDMSG 2217 @!@!@
@!@!@STARTMSG 2217:4 @!@!@
2: <HNext line 189, col 5 to line 192, col 29 of module Hermes>
/\ msgs = {}
/\ aliveNodes = {2, 3}
/\ nodeLastWriteTS = << [version |-> 0, tieBreaker |-> 1],
   [version |-> 0, tieBreaker |-> 1],
   [version |-> 0, tieBreaker |-> 1] >>
/\ nodeTS = << [version |-> 0, tieBreaker |-> 1],
   [version |-> 0, tieBreaker |-> 1],
   [version |-> 0, tieBreaker |-> 1] >>
/\ nodeState = <<"valid", "valid", "valid">>
/\ nodeLastWriter = <<1, 1, 1>>
/\ nodeRcvedAcks = <<{}, {}, {}>>

@!@!@ENDMSG 2217 @!@!@
@!@!@STARTMSG 2217:4 @!@!@
3: <HNext line 189, col 5 to line 192, col 29 of module Hermes>
/\ msgs = {}
/\ aliveNodes = {3}
/\ nodeLastWriteTS = << [version |-> 0, tieBreaker |-> 1],
   [version |-> 0, tieBreaker |-> 1],
   [version |-> 0, tieBreaker |-> 1] >>
/\ nodeTS = << [version |-> 0, tieBreaker |-> 1],
   [version |-> 0, tieBreaker |-> 1],
   [version |-> 0, tieBreaker |-> 1] >>
/\ nodeState = <<"valid", "valid", "valid">>
/\ nodeLastWriter = <<1, 1, 1>>
/\ nodeRcvedAcks = <<{}, {}, {}>>

@!@!@ENDMSG 2217 @!@!@
@!@!@STARTMSG 2217:4 @!@!@
4: <HNext line 189, col 5 to line 192, col 29 of module Hermes>
/\ msgs = {}
/\ aliveNodes = {}
/\ nodeLastWriteTS = << [version |-> 0, tieBreaker |-> 1],
   [version |-> 0, tieBreaker |-> 1],
   [version |-> 0, tieBreaker |-> 1] >>
/\ nodeTS = << [version |-> 0, tieBreaker |-> 1],
   [version |-> 0, tieBreaker |-> 1],
   [version |-> 0, tieBreaker |-> 1] >>
/\ nodeState = <<"valid", "valid", "valid">>
/\ nodeLastWriter = <<1, 1, 1>>
/\ nodeRcvedAcks = <<{}, {}, {}>>

@!@!@ENDMSG 2217 @!@!@
@!@!@STARTMSG 2201:0 @!@!@
The coverage statistics at 2018-07-20 17:05:18
@!@!@ENDMSG 2201 @!@!@
@!@!@STARTMSG 2221:0 @!@!@
  line 104, col 9 to line 104, col 61 of module Hermes: 0
@!@!@ENDMSG 2221 @!@!@
@!@!@STARTMSG 2221:0 @!@!@
  line 105, col 9 to line 105, col 68 of module Hermes: 0
@!@!@ENDMSG 2221 @!@!@
@!@!@STARTMSG 2221:0 @!@!@
  line 106, col 9 to line 106, col 62 of module Hermes: 0
@!@!@ENDMSG 2221 @!@!@
@!@!@STARTMSG 2221:0 @!@!@
  line 107, col 9 to line 107, col 69 of module Hermes: 0
@!@!@ENDMSG 2221 @!@!@
@!@!@STARTMSG 2221:0 @!@!@
  line 112, col 21 to line 112, col 26 of module Hermes: 0
@!@!@ENDMSG 2221 @!@!@
@!@!@STARTMSG 2221:0 @!@!@
  line 112, col 29 to line 112, col 38 of module Hermes: 0
@!@!@ENDMSG 2221 @!@!@
@!@!@STARTMSG 2221:0 @!@!@
  line 124, col 12 to line 125, col 81 of module Hermes: 7
@!@!@ENDMSG 2221 @!@!@
@!@!@STARTMSG 2221:0 @!@!@
  line 126, col 24 to line 126, col 27 of module Hermes: 7
@!@!@ENDMSG 2221 @!@!@
@!@!@STARTMSG 2221:0 @!@!@
  line 126, col 30 to line 126, col 43 of module Hermes: 7
@!@!@ENDMSG 2221 @!@!@
@!@!@STARTMSG 2221:0 @!@!@
  line 126, col 46 to line 126, col 60 of module Hermes: 7
@!@!@ENDMSG 2221 @!@!@
@!@!@STARTMSG 2221:0 @!@!@
  line 127, col 24 to line 127, col 33 of module Hermes: 7
@!@!@ENDMSG 2221 @!@!@
@!@!@STARTMSG 2221:0 @!@!@
  line 127, col 36 to line 127, col 41 of module Hermes: 7
@!@!@ENDMSG 2221 @!@!@
@!@!@STARTMSG 2221:0 @!@!@
  line 127, col 44 to line 127, col 52 of module Hermes: 7
@!@!@ENDMSG 2221 @!@!@
@!@!@STARTMSG 2221:0 @!@!@
  line 132, col 8 to line 132, col 60 of module Hermes: 0
@!@!@ENDMSG 2221 @!@!@
@!@!@STARTMSG 2221:0 @!@!@
  line 136, col 20 to line 136, col 25 of module Hermes: 0
@!@!@ENDMSG 2221 @!@!@
@!@!@STARTMSG 2221:0 @!@!@
  line 136, col 28 to line 136, col 41 of module Hermes: 0
@!@!@ENDMSG 2221 @!@!@
@!@!@STARTMSG 2221:0 @!@!@
  line 136, col 44 to line 136, col 58 of module Hermes: 0
@!@!@ENDMSG 2221 @!@!@
@!@!@STARTMSG 2221:0 @!@!@
  line 137, col 20 to line 137, col 29 of module Hermes: 0
@!@!@ENDMSG 2221 @!@!@
@!@!@STARTMSG 2221:0 @!@!@
  line 137, col 32 to line 137, col 44 of module Hermes: 0
@!@!@ENDMSG 2221 @!@!@
@!@!@STARTMSG 2221:0 @!@!@
  line 158, col 18 to line 158, col 74 of module Hermes: 35
@!@!@ENDMSG 2221 @!@!@
@!@!@STARTMSG 2221:0 @!@!@
  line 159, col 18 to line 160, col 73 of module Hermes: 35
@!@!@ENDMSG 2221 @!@!@
@!@!@STARTMSG 2221:0 @!@!@
  line 162, col 24 to line 162, col 71 of module Hermes: 31
@!@!@ENDMSG 2221 @!@!@
@!@!@STARTMSG 2221:0 @!@!@
  line 164, col 24 to line 164, col 77 of module Hermes: 4
@!@!@ENDMSG 2221 @!@!@
@!@!@STARTMSG 2221:0 @!@!@
  line 169, col 30 to line 169, col 38 of module Hermes: 11
@!@!@ENDMSG 2221 @!@!@
@!@!@STARTMSG 2221:0 @!@!@
  line 169, col 41 to line 169, col 46 of module Hermes: 11
@!@!@ENDMSG 2221 @!@!@
@!@!@STARTMSG 2221:0 @!@!@
  line 169, col 49 to line 169, col 62 of module Hermes: 11
@!@!@ENDMSG 2221 @!@!@
@!@!@STARTMSG 2221:0 @!@!@
  line 170, col 24 to line 170, col 38 of module Hermes: 46
@!@!@ENDMSG 2221 @!@!@
@!@!@STARTMSG 2221:0 @!@!@
  line 170, col 41 to line 170, col 50 of module Hermes: 46
@!@!@ENDMSG 2221 @!@!@
@!@!@STARTMSG 2221:0 @!@!@
  line 170, col 53 to line 170, col 65 of module Hermes: 46
@!@!@ENDMSG 2221 @!@!@
@!@!@STARTMSG 2221:0 @!@!@
  line 180, col 12 to line 180, col 57 of module Hermes: 0
@!@!@ENDMSG 2221 @!@!@
@!@!@STARTMSG 2221:0 @!@!@
  line 181, col 24 to line 181, col 27 of module Hermes: 0
@!@!@ENDMSG 2221 @!@!@
@!@!@STARTMSG 2221:0 @!@!@
  line 181, col 30 to line 181, col 35 of module Hermes: 0
@!@!@ENDMSG 2221 @!@!@
@!@!@STARTMSG 2221:0 @!@!@
  line 181, col 38 to line 181, col 51 of module Hermes: 0
@!@!@ENDMSG 2221 @!@!@
@!@!@STARTMSG 2221:0 @!@!@
  line 181, col 54 to line 181, col 68 of module Hermes: 0
@!@!@ENDMSG 2221 @!@!@
@!@!@STARTMSG 2221:0 @!@!@
  line 182, col 24 to line 182, col 33 of module Hermes: 0
@!@!@ENDMSG 2221 @!@!@
@!@!@STARTMSG 2221:0 @!@!@
  line 182, col 36 to line 182, col 48 of module Hermes: 0
@!@!@ENDMSG 2221 @!@!@
@!@!@STARTMSG 2221:0 @!@!@
  line 58, col 12 to line 58, col 34 of module Hermes: 93
@!@!@ENDMSG 2221 @!@!@
@!@!@STARTMSG 2221:0 @!@!@
  line 74, col 8 to line 74, col 37 of module Hermes: 72
@!@!@ENDMSG 2221 @!@!@
@!@!@STARTMSG 2221:0 @!@!@
  line 75, col 20 to line 75, col 23 of module Hermes: 72
@!@!@ENDMSG 2221 @!@!@
@!@!@STARTMSG 2221:0 @!@!@
  line 75, col 26 to line 75, col 34 of module Hermes: 72
@!@!@ENDMSG 2221 @!@!@
@!@!@STARTMSG 2221:0 @!@!@
  line 75, col 37 to line 75, col 42 of module Hermes: 72
@!@!@ENDMSG 2221 @!@!@
@!@!@STARTMSG 2221:0 @!@!@
  line 75, col 45 to line 75, col 58 of module Hermes: 72
@!@!@ENDMSG 2221 @!@!@
@!@!@STARTMSG 2221:0 @!@!@
  line 76, col 20 to line 76, col 34 of module Hermes: 72
@!@!@ENDMSG 2221 @!@!@
@!@!@STARTMSG 2221:0 @!@!@
  line 76, col 37 to line 76, col 49 of module Hermes: 72
@!@!@ENDMSG 2221 @!@!@
@!@!@STARTMSG 2221:0 @!@!@
  line 80, col 20 to line 80, col 23 of module Hermes: 40
@!@!@ENDMSG 2221 @!@!@
@!@!@STARTMSG 2221:0 @!@!@
  line 80, col 26 to line 80, col 31 of module Hermes: 40
@!@!@ENDMSG 2221 @!@!@
@!@!@STARTMSG 2221:0 @!@!@
  line 80, col 34 to line 80, col 42 of module Hermes: 40
@!@!@ENDMSG 2221 @!@!@
@!@!@STARTMSG 2221:0 @!@!@
  line 80, col 45 to line 80, col 58 of module Hermes: 40
@!@!@ENDMSG 2221 @!@!@
@!@!@STARTMSG 2221:0 @!@!@
  line 81, col 20 to line 81, col 29 of module Hermes: 40
@!@!@ENDMSG 2221 @!@!@
@!@!@STARTMSG 2221:0 @!@!@
  line 81, col 32 to line 81, col 46 of module Hermes: 40
@!@!@ENDMSG 2221 @!@!@
@!@!@STARTMSG 2221:0 @!@!@
  line 81, col 49 to line 81, col 61 of module Hermes: 40
@!@!@ENDMSG 2221 @!@!@
@!@!@STARTMSG 2221:0 @!@!@
  line 86, col 9 to line 86, col 62 of module Hermes: 47
@!@!@ENDMSG 2221 @!@!@
@!@!@STARTMSG 2221:0 @!@!@
  line 87, col 9 to line 87, col 61 of module Hermes: 47
@!@!@ENDMSG 2221 @!@!@
@!@!@STARTMSG 2221:0 @!@!@
  line 88, col 9 to line 88, col 67 of module Hermes: 47
@!@!@ENDMSG 2221 @!@!@
@!@!@STARTMSG 2221:0 @!@!@
  line 89, col 9 to line 91, col 72 of module Hermes: 47
@!@!@ENDMSG 2221 @!@!@
@!@!@STARTMSG 2221:0 @!@!@
  line 92, col 9 to line 94, col 72 of module Hermes: 47
@!@!@ENDMSG 2221 @!@!@
@!@!@STARTMSG 2221:0 @!@!@
  line 99, col 21 to line 99, col 30 of module Hermes: 47
@!@!@ENDMSG 2221 @!@!@
@!@!@STARTMSG 2202:0 @!@!@
End of statistics.
@!@!@ENDMSG 2202 @!@!@
@!@!@STARTMSG 2200:0 @!@!@
Progress(5) at 2018-07-20 17:05:18: 213 states generated (13,001 s/min), 103 distinct states found (6,286 ds/min), 70 states left on queue.
@!@!@ENDMSG 2200 @!@!@
@!@!@STARTMSG 2199:0 @!@!@
213 states generated, 103 distinct states found, 70 states left on queue.
@!@!@ENDMSG 2199 @!@!@
@!@!@STARTMSG 2194:0 @!@!@
The depth of the complete state graph search is 5.
@!@!@ENDMSG 2194 @!@!@
@!@!@STARTMSG 2268:0 @!@!@
The average outdegree of the complete state graph is 3 (minimum is 0, the maximum 8 and the 95th percentile is 7).
@!@!@ENDMSG 2268 @!@!@
@!@!@STARTMSG 2186:0 @!@!@
Finished in 1390ms at (2018-07-20 17:05:18)
@!@!@ENDMSG 2186 @!@!@
